<?xml version="1.0" encoding="UTF-8"?>
<!-- Generated by org.testng.reporters.JUnitReportReporter -->
<testsuite hostname="shabbu" failures="0" tests="1" name="com.banking.testCases.TC001_logintest" time="16.603" errors="0" timestamp="30 Jan 2021 06:18:34 GMT" skipped="0">
  <testcase classname="com.banking.testCases.TC001_logintest" name="loginTest" time="16.603"/>
</testsuite> <!-- com.banking.testCases.TC001_logintest -->
