<?xml version="1.0" encoding="UTF-8"?>
<!-- Generated by org.testng.reporters.JUnitReportReporter -->
<testsuite hostname="shabbu" failures="0" tests="1" name="com.banking.testCases.TC001_logintest" time="9.156" errors="0" timestamp="30 Jan 2021 11:04:53 GMT" skipped="0">
  <testcase classname="com.banking.testCases.TC001_logintest" name="loginTest" time="9.156"/>
</testsuite> <!-- com.banking.testCases.TC001_logintest -->
